d:\github projects\pay2park\pay2park\debug\vc142.pdb
d:\github projects\pay2park\pay2park\debug\.netframework,version=v4.7.2.assemblyattributes.obj
d:\github projects\pay2park\pay2park\debug\splash.obj
d:\github projects\pay2park\pay2park\debug\pay2park.splash.resources
d:\github projects\pay2park\pay2park\debug\pay2park.vcxproj.generateresource.cache
d:\github projects\pay2park\pay2park\debug\pay2park.vcxprojassemblyreference.cache
d:\github projects\pay2park\pay2park\debug\pay2park.pdb
d:\github projects\pay2park\pay2park\debug\pay2park.tlog\cl.command.1.tlog
d:\github projects\pay2park\pay2park\debug\pay2park.tlog\cl.read.1.tlog
d:\github projects\pay2park\pay2park\debug\pay2park.tlog\cl.write.1.tlog
d:\github projects\pay2park\pay2park\debug\pay2park.tlog\link.1268-cvtres.read.1.tlog
d:\github projects\pay2park\pay2park\debug\pay2park.tlog\link.1268-cvtres.write.1.tlog
d:\github projects\pay2park\pay2park\debug\pay2park.tlog\link.1268-rc.read.1.tlog
d:\github projects\pay2park\pay2park\debug\pay2park.tlog\link.1268-rc.write.1.tlog
d:\github projects\pay2park\pay2park\debug\pay2park.tlog\link.1268.read.1.tlog
d:\github projects\pay2park\pay2park\debug\pay2park.tlog\link.1268.write.1.tlog
d:\github projects\pay2park\pay2park\debug\pay2park.tlog\link.command.1.tlog
d:\github projects\pay2park\pay2park\debug\pay2park.tlog\link.read.1.tlog
d:\github projects\pay2park\pay2park\debug\pay2park.tlog\link.write.1.tlog
d:\github projects\pay2park\pay2park\debug\pay2park.tlog\metagen.read.1.tlog
d:\github projects\pay2park\pay2park\debug\pay2park.tlog\metagen.write.1.tlog
d:\github projects\pay2park\pay2park\debug\pay2park.tlog\pay2park.write.1u.tlog
